[2025-08-22T15:20:49.544+0000] {processor.py:161} INFO - Started process (PID=30) to work on /opt/airflow/dags/fetch_stock_data.py
[2025-08-22T15:20:49.566+0000] {processor.py:830} INFO - Processing file /opt/airflow/dags/fetch_stock_data.py for tasks to queue
[2025-08-22T15:20:49.609+0000] {logging_mixin.py:188} INFO - [2025-08-22T15:20:49.608+0000] {dagbag.py:540} INFO - Filling up the DagBag from /opt/airflow/dags/fetch_stock_data.py
[2025-08-22T15:20:49.902+0000] {processor.py:840} INFO - DAG(s) 'fetch_stock_data' retrieved from /opt/airflow/dags/fetch_stock_data.py
[2025-08-22T15:20:51.678+0000] {logging_mixin.py:188} INFO - [2025-08-22T15:20:51.670+0000] {override.py:1829} INFO - Created Permission View: can delete on DAG:fetch_stock_data
[2025-08-22T15:20:51.768+0000] {logging_mixin.py:188} INFO - [2025-08-22T15:20:51.767+0000] {override.py:1829} INFO - Created Permission View: can read on DAG:fetch_stock_data
[2025-08-22T15:20:51.815+0000] {logging_mixin.py:188} INFO - [2025-08-22T15:20:51.814+0000] {override.py:1829} INFO - Created Permission View: can edit on DAG:fetch_stock_data
[2025-08-22T15:20:51.817+0000] {logging_mixin.py:188} INFO - [2025-08-22T15:20:51.816+0000] {dag.py:3096} INFO - Sync 1 DAGs
[2025-08-22T15:20:51.914+0000] {logging_mixin.py:188} INFO - [2025-08-22T15:20:51.913+0000] {dag.py:3118} INFO - Creating ORM DAG for fetch_stock_data
[2025-08-22T15:20:52.142+0000] {logging_mixin.py:188} INFO - [2025-08-22T15:20:52.141+0000] {dag.py:3954} INFO - Setting next_dagrun for fetch_stock_data to 2025-08-21 00:00:00+00:00, run_after=2025-08-22 00:00:00+00:00
[2025-08-22T15:20:52.442+0000] {processor.py:183} INFO - Processing /opt/airflow/dags/fetch_stock_data.py took 3.135 seconds
[2025-08-22T15:21:23.447+0000] {processor.py:161} INFO - Started process (PID=33) to work on /opt/airflow/dags/fetch_stock_data.py
[2025-08-22T15:21:23.450+0000] {processor.py:830} INFO - Processing file /opt/airflow/dags/fetch_stock_data.py for tasks to queue
[2025-08-22T15:21:23.466+0000] {logging_mixin.py:188} INFO - [2025-08-22T15:21:23.462+0000] {dagbag.py:540} INFO - Filling up the DagBag from /opt/airflow/dags/fetch_stock_data.py
[2025-08-22T15:21:24.091+0000] {processor.py:840} INFO - DAG(s) 'fetch_stock_data' retrieved from /opt/airflow/dags/fetch_stock_data.py
[2025-08-22T15:21:24.775+0000] {logging_mixin.py:188} INFO - [2025-08-22T15:21:24.770+0000] {dag.py:3096} INFO - Sync 1 DAGs
[2025-08-22T15:21:24.953+0000] {logging_mixin.py:188} INFO - [2025-08-22T15:21:24.952+0000] {dag.py:3954} INFO - Setting next_dagrun for fetch_stock_data to 2025-08-21 00:00:00+00:00, run_after=2025-08-22 00:00:00+00:00
[2025-08-22T15:21:25.047+0000] {processor.py:183} INFO - Processing /opt/airflow/dags/fetch_stock_data.py took 1.647 seconds
[2025-08-22T15:21:55.721+0000] {processor.py:161} INFO - Started process (PID=36) to work on /opt/airflow/dags/fetch_stock_data.py
[2025-08-22T15:21:55.724+0000] {processor.py:830} INFO - Processing file /opt/airflow/dags/fetch_stock_data.py for tasks to queue
[2025-08-22T15:21:55.727+0000] {logging_mixin.py:188} INFO - [2025-08-22T15:21:55.727+0000] {dagbag.py:540} INFO - Filling up the DagBag from /opt/airflow/dags/fetch_stock_data.py
[2025-08-22T15:21:55.776+0000] {processor.py:840} INFO - DAG(s) 'fetch_stock_data' retrieved from /opt/airflow/dags/fetch_stock_data.py
[2025-08-22T15:21:55.904+0000] {logging_mixin.py:188} INFO - [2025-08-22T15:21:55.904+0000] {dag.py:3096} INFO - Sync 1 DAGs
[2025-08-22T15:21:55.998+0000] {logging_mixin.py:188} INFO - [2025-08-22T15:21:55.997+0000] {dag.py:3954} INFO - Setting next_dagrun for fetch_stock_data to 2025-08-21 00:00:00+00:00, run_after=2025-08-22 00:00:00+00:00
[2025-08-22T15:21:56.080+0000] {processor.py:183} INFO - Processing /opt/airflow/dags/fetch_stock_data.py took 0.373 seconds
[2025-08-22T15:22:26.306+0000] {processor.py:161} INFO - Started process (PID=39) to work on /opt/airflow/dags/fetch_stock_data.py
[2025-08-22T15:22:26.310+0000] {processor.py:830} INFO - Processing file /opt/airflow/dags/fetch_stock_data.py for tasks to queue
[2025-08-22T15:22:26.316+0000] {logging_mixin.py:188} INFO - [2025-08-22T15:22:26.315+0000] {dagbag.py:540} INFO - Filling up the DagBag from /opt/airflow/dags/fetch_stock_data.py
[2025-08-22T15:22:26.359+0000] {processor.py:840} INFO - DAG(s) 'fetch_stock_data' retrieved from /opt/airflow/dags/fetch_stock_data.py
[2025-08-22T15:22:26.412+0000] {logging_mixin.py:188} INFO - [2025-08-22T15:22:26.411+0000] {dag.py:3096} INFO - Sync 1 DAGs
[2025-08-22T15:22:26.457+0000] {logging_mixin.py:188} INFO - [2025-08-22T15:22:26.457+0000] {dag.py:3954} INFO - Setting next_dagrun for fetch_stock_data to 2025-08-21 00:00:00+00:00, run_after=2025-08-22 00:00:00+00:00
[2025-08-22T15:22:26.494+0000] {processor.py:183} INFO - Processing /opt/airflow/dags/fetch_stock_data.py took 0.207 seconds
[2025-08-22T15:22:56.602+0000] {processor.py:161} INFO - Started process (PID=42) to work on /opt/airflow/dags/fetch_stock_data.py
[2025-08-22T15:22:56.612+0000] {processor.py:830} INFO - Processing file /opt/airflow/dags/fetch_stock_data.py for tasks to queue
[2025-08-22T15:22:56.625+0000] {logging_mixin.py:188} INFO - [2025-08-22T15:22:56.624+0000] {dagbag.py:540} INFO - Filling up the DagBag from /opt/airflow/dags/fetch_stock_data.py
[2025-08-22T15:22:56.661+0000] {processor.py:840} INFO - DAG(s) 'fetch_stock_data' retrieved from /opt/airflow/dags/fetch_stock_data.py
[2025-08-22T15:22:56.725+0000] {logging_mixin.py:188} INFO - [2025-08-22T15:22:56.724+0000] {dag.py:3096} INFO - Sync 1 DAGs
[2025-08-22T15:22:56.810+0000] {logging_mixin.py:188} INFO - [2025-08-22T15:22:56.809+0000] {dag.py:3954} INFO - Setting next_dagrun for fetch_stock_data to 2025-08-21 00:00:00+00:00, run_after=2025-08-22 00:00:00+00:00
[2025-08-22T15:22:56.845+0000] {processor.py:183} INFO - Processing /opt/airflow/dags/fetch_stock_data.py took 0.276 seconds
[2025-08-22T15:23:27.189+0000] {processor.py:161} INFO - Started process (PID=45) to work on /opt/airflow/dags/fetch_stock_data.py
[2025-08-22T15:23:27.192+0000] {processor.py:830} INFO - Processing file /opt/airflow/dags/fetch_stock_data.py for tasks to queue
[2025-08-22T15:23:27.199+0000] {logging_mixin.py:188} INFO - [2025-08-22T15:23:27.198+0000] {dagbag.py:540} INFO - Filling up the DagBag from /opt/airflow/dags/fetch_stock_data.py
[2025-08-22T15:23:27.299+0000] {processor.py:840} INFO - DAG(s) 'fetch_stock_data' retrieved from /opt/airflow/dags/fetch_stock_data.py
[2025-08-22T15:23:27.441+0000] {logging_mixin.py:188} INFO - [2025-08-22T15:23:27.439+0000] {dag.py:3096} INFO - Sync 1 DAGs
[2025-08-22T15:23:27.493+0000] {logging_mixin.py:188} INFO - [2025-08-22T15:23:27.492+0000] {dag.py:3954} INFO - Setting next_dagrun for fetch_stock_data to 2025-08-21 00:00:00+00:00, run_after=2025-08-22 00:00:00+00:00
[2025-08-22T15:23:27.527+0000] {processor.py:183} INFO - Processing /opt/airflow/dags/fetch_stock_data.py took 0.358 seconds
[2025-08-22T15:23:57.830+0000] {processor.py:161} INFO - Started process (PID=48) to work on /opt/airflow/dags/fetch_stock_data.py
[2025-08-22T15:23:57.831+0000] {processor.py:830} INFO - Processing file /opt/airflow/dags/fetch_stock_data.py for tasks to queue
[2025-08-22T15:23:57.834+0000] {logging_mixin.py:188} INFO - [2025-08-22T15:23:57.834+0000] {dagbag.py:540} INFO - Filling up the DagBag from /opt/airflow/dags/fetch_stock_data.py
[2025-08-22T15:23:57.863+0000] {processor.py:840} INFO - DAG(s) 'fetch_stock_data' retrieved from /opt/airflow/dags/fetch_stock_data.py
[2025-08-22T15:23:57.898+0000] {logging_mixin.py:188} INFO - [2025-08-22T15:23:57.898+0000] {dag.py:3096} INFO - Sync 1 DAGs
[2025-08-22T15:23:57.935+0000] {logging_mixin.py:188} INFO - [2025-08-22T15:23:57.935+0000] {dag.py:3954} INFO - Setting next_dagrun for fetch_stock_data to 2025-08-21 00:00:00+00:00, run_after=2025-08-22 00:00:00+00:00
[2025-08-22T15:23:57.964+0000] {processor.py:183} INFO - Processing /opt/airflow/dags/fetch_stock_data.py took 0.143 seconds
[2025-08-22T15:24:28.038+0000] {processor.py:161} INFO - Started process (PID=51) to work on /opt/airflow/dags/fetch_stock_data.py
[2025-08-22T15:24:28.039+0000] {processor.py:830} INFO - Processing file /opt/airflow/dags/fetch_stock_data.py for tasks to queue
[2025-08-22T15:24:28.042+0000] {logging_mixin.py:188} INFO - [2025-08-22T15:24:28.041+0000] {dagbag.py:540} INFO - Filling up the DagBag from /opt/airflow/dags/fetch_stock_data.py
[2025-08-22T15:24:28.066+0000] {processor.py:840} INFO - DAG(s) 'fetch_stock_data' retrieved from /opt/airflow/dags/fetch_stock_data.py
[2025-08-22T15:24:28.104+0000] {logging_mixin.py:188} INFO - [2025-08-22T15:24:28.104+0000] {dag.py:3096} INFO - Sync 1 DAGs
[2025-08-22T15:24:28.147+0000] {logging_mixin.py:188} INFO - [2025-08-22T15:24:28.146+0000] {dag.py:3954} INFO - Setting next_dagrun for fetch_stock_data to 2025-08-21 00:00:00+00:00, run_after=2025-08-22 00:00:00+00:00
[2025-08-22T15:24:28.173+0000] {processor.py:183} INFO - Processing /opt/airflow/dags/fetch_stock_data.py took 0.146 seconds
[2025-08-22T15:24:58.366+0000] {processor.py:161} INFO - Started process (PID=54) to work on /opt/airflow/dags/fetch_stock_data.py
[2025-08-22T15:24:58.368+0000] {processor.py:830} INFO - Processing file /opt/airflow/dags/fetch_stock_data.py for tasks to queue
[2025-08-22T15:24:58.372+0000] {logging_mixin.py:188} INFO - [2025-08-22T15:24:58.370+0000] {dagbag.py:540} INFO - Filling up the DagBag from /opt/airflow/dags/fetch_stock_data.py
[2025-08-22T15:24:58.402+0000] {processor.py:840} INFO - DAG(s) 'fetch_stock_data' retrieved from /opt/airflow/dags/fetch_stock_data.py
[2025-08-22T15:24:58.443+0000] {logging_mixin.py:188} INFO - [2025-08-22T15:24:58.443+0000] {dag.py:3096} INFO - Sync 1 DAGs
[2025-08-22T15:24:58.478+0000] {logging_mixin.py:188} INFO - [2025-08-22T15:24:58.478+0000] {dag.py:3954} INFO - Setting next_dagrun for fetch_stock_data to 2025-08-21 00:00:00+00:00, run_after=2025-08-22 00:00:00+00:00
[2025-08-22T15:24:58.507+0000] {processor.py:183} INFO - Processing /opt/airflow/dags/fetch_stock_data.py took 0.150 seconds
[2025-08-22T15:25:28.675+0000] {processor.py:161} INFO - Started process (PID=57) to work on /opt/airflow/dags/fetch_stock_data.py
[2025-08-22T15:25:28.677+0000] {processor.py:830} INFO - Processing file /opt/airflow/dags/fetch_stock_data.py for tasks to queue
[2025-08-22T15:25:28.682+0000] {logging_mixin.py:188} INFO - [2025-08-22T15:25:28.681+0000] {dagbag.py:540} INFO - Filling up the DagBag from /opt/airflow/dags/fetch_stock_data.py
[2025-08-22T15:25:28.721+0000] {processor.py:840} INFO - DAG(s) 'fetch_stock_data' retrieved from /opt/airflow/dags/fetch_stock_data.py
[2025-08-22T15:25:28.779+0000] {logging_mixin.py:188} INFO - [2025-08-22T15:25:28.779+0000] {dag.py:3096} INFO - Sync 1 DAGs
[2025-08-22T15:25:28.824+0000] {logging_mixin.py:188} INFO - [2025-08-22T15:25:28.824+0000] {dag.py:3954} INFO - Setting next_dagrun for fetch_stock_data to 2025-08-21 00:00:00+00:00, run_after=2025-08-22 00:00:00+00:00
[2025-08-22T15:25:28.858+0000] {processor.py:183} INFO - Processing /opt/airflow/dags/fetch_stock_data.py took 0.197 seconds
[2025-08-22T15:25:59.077+0000] {processor.py:161} INFO - Started process (PID=60) to work on /opt/airflow/dags/fetch_stock_data.py
[2025-08-22T15:25:59.078+0000] {processor.py:830} INFO - Processing file /opt/airflow/dags/fetch_stock_data.py for tasks to queue
[2025-08-22T15:25:59.081+0000] {logging_mixin.py:188} INFO - [2025-08-22T15:25:59.081+0000] {dagbag.py:540} INFO - Filling up the DagBag from /opt/airflow/dags/fetch_stock_data.py
[2025-08-22T15:25:59.108+0000] {processor.py:840} INFO - DAG(s) 'fetch_stock_data' retrieved from /opt/airflow/dags/fetch_stock_data.py
[2025-08-22T15:25:59.158+0000] {logging_mixin.py:188} INFO - [2025-08-22T15:25:59.158+0000] {dag.py:3096} INFO - Sync 1 DAGs
[2025-08-22T15:25:59.206+0000] {logging_mixin.py:188} INFO - [2025-08-22T15:25:59.205+0000] {dag.py:3954} INFO - Setting next_dagrun for fetch_stock_data to 2025-08-21 00:00:00+00:00, run_after=2025-08-22 00:00:00+00:00
[2025-08-22T15:25:59.239+0000] {processor.py:183} INFO - Processing /opt/airflow/dags/fetch_stock_data.py took 0.172 seconds
[2025-08-22T15:26:29.492+0000] {processor.py:161} INFO - Started process (PID=63) to work on /opt/airflow/dags/fetch_stock_data.py
[2025-08-22T15:26:29.494+0000] {processor.py:830} INFO - Processing file /opt/airflow/dags/fetch_stock_data.py for tasks to queue
[2025-08-22T15:26:29.500+0000] {logging_mixin.py:188} INFO - [2025-08-22T15:26:29.498+0000] {dagbag.py:540} INFO - Filling up the DagBag from /opt/airflow/dags/fetch_stock_data.py
[2025-08-22T15:26:29.555+0000] {processor.py:840} INFO - DAG(s) 'fetch_stock_data' retrieved from /opt/airflow/dags/fetch_stock_data.py
[2025-08-22T15:26:29.618+0000] {logging_mixin.py:188} INFO - [2025-08-22T15:26:29.617+0000] {dag.py:3096} INFO - Sync 1 DAGs
[2025-08-22T15:26:29.650+0000] {logging_mixin.py:188} INFO - [2025-08-22T15:26:29.650+0000] {dag.py:3954} INFO - Setting next_dagrun for fetch_stock_data to 2025-08-21 00:00:00+00:00, run_after=2025-08-22 00:00:00+00:00
[2025-08-22T15:26:29.677+0000] {processor.py:183} INFO - Processing /opt/airflow/dags/fetch_stock_data.py took 0.204 seconds
[2025-08-22T15:26:59.879+0000] {processor.py:161} INFO - Started process (PID=66) to work on /opt/airflow/dags/fetch_stock_data.py
[2025-08-22T15:26:59.880+0000] {processor.py:830} INFO - Processing file /opt/airflow/dags/fetch_stock_data.py for tasks to queue
[2025-08-22T15:26:59.883+0000] {logging_mixin.py:188} INFO - [2025-08-22T15:26:59.882+0000] {dagbag.py:540} INFO - Filling up the DagBag from /opt/airflow/dags/fetch_stock_data.py
[2025-08-22T15:26:59.911+0000] {processor.py:840} INFO - DAG(s) 'fetch_stock_data' retrieved from /opt/airflow/dags/fetch_stock_data.py
[2025-08-22T15:26:59.944+0000] {logging_mixin.py:188} INFO - [2025-08-22T15:26:59.943+0000] {dag.py:3096} INFO - Sync 1 DAGs
[2025-08-22T15:26:59.971+0000] {logging_mixin.py:188} INFO - [2025-08-22T15:26:59.971+0000] {dag.py:3954} INFO - Setting next_dagrun for fetch_stock_data to 2025-08-21 00:00:00+00:00, run_after=2025-08-22 00:00:00+00:00
[2025-08-22T15:26:59.997+0000] {processor.py:183} INFO - Processing /opt/airflow/dags/fetch_stock_data.py took 0.128 seconds
[2025-08-22T15:27:30.221+0000] {processor.py:161} INFO - Started process (PID=69) to work on /opt/airflow/dags/fetch_stock_data.py
[2025-08-22T15:27:30.223+0000] {processor.py:830} INFO - Processing file /opt/airflow/dags/fetch_stock_data.py for tasks to queue
[2025-08-22T15:27:30.225+0000] {logging_mixin.py:188} INFO - [2025-08-22T15:27:30.225+0000] {dagbag.py:540} INFO - Filling up the DagBag from /opt/airflow/dags/fetch_stock_data.py
[2025-08-22T15:27:30.255+0000] {processor.py:840} INFO - DAG(s) 'fetch_stock_data' retrieved from /opt/airflow/dags/fetch_stock_data.py
[2025-08-22T15:27:30.293+0000] {logging_mixin.py:188} INFO - [2025-08-22T15:27:30.293+0000] {dag.py:3096} INFO - Sync 1 DAGs
[2025-08-22T15:27:30.323+0000] {logging_mixin.py:188} INFO - [2025-08-22T15:27:30.323+0000] {dag.py:3954} INFO - Setting next_dagrun for fetch_stock_data to 2025-08-21 00:00:00+00:00, run_after=2025-08-22 00:00:00+00:00
[2025-08-22T15:27:30.351+0000] {processor.py:183} INFO - Processing /opt/airflow/dags/fetch_stock_data.py took 0.141 seconds
[2025-08-22T15:28:00.563+0000] {processor.py:161} INFO - Started process (PID=72) to work on /opt/airflow/dags/fetch_stock_data.py
[2025-08-22T15:28:00.564+0000] {processor.py:830} INFO - Processing file /opt/airflow/dags/fetch_stock_data.py for tasks to queue
[2025-08-22T15:28:00.567+0000] {logging_mixin.py:188} INFO - [2025-08-22T15:28:00.566+0000] {dagbag.py:540} INFO - Filling up the DagBag from /opt/airflow/dags/fetch_stock_data.py
[2025-08-22T15:28:00.599+0000] {processor.py:840} INFO - DAG(s) 'fetch_stock_data' retrieved from /opt/airflow/dags/fetch_stock_data.py
[2025-08-22T15:28:00.653+0000] {logging_mixin.py:188} INFO - [2025-08-22T15:28:00.653+0000] {dag.py:3096} INFO - Sync 1 DAGs
[2025-08-22T15:28:00.682+0000] {logging_mixin.py:188} INFO - [2025-08-22T15:28:00.682+0000] {dag.py:3954} INFO - Setting next_dagrun for fetch_stock_data to 2025-08-21 00:00:00+00:00, run_after=2025-08-22 00:00:00+00:00
[2025-08-22T15:28:00.707+0000] {processor.py:183} INFO - Processing /opt/airflow/dags/fetch_stock_data.py took 0.155 seconds
[2025-08-22T15:28:30.871+0000] {processor.py:161} INFO - Started process (PID=75) to work on /opt/airflow/dags/fetch_stock_data.py
[2025-08-22T15:28:30.872+0000] {processor.py:830} INFO - Processing file /opt/airflow/dags/fetch_stock_data.py for tasks to queue
[2025-08-22T15:28:30.875+0000] {logging_mixin.py:188} INFO - [2025-08-22T15:28:30.874+0000] {dagbag.py:540} INFO - Filling up the DagBag from /opt/airflow/dags/fetch_stock_data.py
[2025-08-22T15:28:30.910+0000] {processor.py:840} INFO - DAG(s) 'fetch_stock_data' retrieved from /opt/airflow/dags/fetch_stock_data.py
[2025-08-22T15:28:30.950+0000] {logging_mixin.py:188} INFO - [2025-08-22T15:28:30.950+0000] {dag.py:3096} INFO - Sync 1 DAGs
[2025-08-22T15:28:31.021+0000] {logging_mixin.py:188} INFO - [2025-08-22T15:28:31.021+0000] {dag.py:3954} INFO - Setting next_dagrun for fetch_stock_data to 2025-08-21 00:00:00+00:00, run_after=2025-08-22 00:00:00+00:00
[2025-08-22T15:28:31.050+0000] {processor.py:183} INFO - Processing /opt/airflow/dags/fetch_stock_data.py took 0.193 seconds
[2025-08-22T15:29:01.359+0000] {processor.py:161} INFO - Started process (PID=78) to work on /opt/airflow/dags/fetch_stock_data.py
[2025-08-22T15:29:01.361+0000] {processor.py:830} INFO - Processing file /opt/airflow/dags/fetch_stock_data.py for tasks to queue
[2025-08-22T15:29:01.364+0000] {logging_mixin.py:188} INFO - [2025-08-22T15:29:01.363+0000] {dagbag.py:540} INFO - Filling up the DagBag from /opt/airflow/dags/fetch_stock_data.py
[2025-08-22T15:29:01.404+0000] {processor.py:840} INFO - DAG(s) 'fetch_stock_data' retrieved from /opt/airflow/dags/fetch_stock_data.py
[2025-08-22T15:29:01.442+0000] {logging_mixin.py:188} INFO - [2025-08-22T15:29:01.442+0000] {dag.py:3096} INFO - Sync 1 DAGs
[2025-08-22T15:29:01.474+0000] {logging_mixin.py:188} INFO - [2025-08-22T15:29:01.473+0000] {dag.py:3954} INFO - Setting next_dagrun for fetch_stock_data to 2025-08-21 00:00:00+00:00, run_after=2025-08-22 00:00:00+00:00
[2025-08-22T15:29:01.504+0000] {processor.py:183} INFO - Processing /opt/airflow/dags/fetch_stock_data.py took 0.154 seconds
[2025-08-22T15:29:36.177+0000] {processor.py:161} INFO - Started process (PID=89) to work on /opt/airflow/dags/fetch_stock_data.py
[2025-08-22T15:29:43.308+0000] {processor.py:830} INFO - Processing file /opt/airflow/dags/fetch_stock_data.py for tasks to queue
[2025-08-22T15:30:35.802+0000] {logging_mixin.py:188} INFO - [2025-08-22T15:30:12.639+0000] {dagbag.py:540} INFO - Filling up the DagBag from /opt/airflow/dags/fetch_stock_data.py
[2025-08-22T15:30:58.385+0000] {processor.py:840} INFO - DAG(s) 'fetch_stock_data' retrieved from /opt/airflow/dags/fetch_stock_data.py
[2025-08-22T15:31:29.203+0000] {processor.py:161} INFO - Started process (PID=90) to work on /opt/airflow/dags/fetch_stock_data.py
[2025-08-22T15:31:29.206+0000] {processor.py:830} INFO - Processing file /opt/airflow/dags/fetch_stock_data.py for tasks to queue
[2025-08-22T15:31:29.208+0000] {logging_mixin.py:188} INFO - [2025-08-22T15:31:29.207+0000] {dagbag.py:540} INFO - Filling up the DagBag from /opt/airflow/dags/fetch_stock_data.py
[2025-08-22T15:31:29.247+0000] {processor.py:840} INFO - DAG(s) 'fetch_stock_data' retrieved from /opt/airflow/dags/fetch_stock_data.py
[2025-08-22T15:31:29.810+0000] {logging_mixin.py:188} INFO - [2025-08-22T15:31:29.809+0000] {dag.py:3096} INFO - Sync 1 DAGs
[2025-08-22T15:31:29.897+0000] {logging_mixin.py:188} INFO - [2025-08-22T15:31:29.896+0000] {dag.py:3954} INFO - Setting next_dagrun for fetch_stock_data to 2025-08-22 00:00:00+00:00, run_after=2025-08-23 00:00:00+00:00
[2025-08-22T15:31:29.965+0000] {processor.py:183} INFO - Processing /opt/airflow/dags/fetch_stock_data.py took 0.786 seconds
[2025-08-22T15:32:00.431+0000] {processor.py:161} INFO - Started process (PID=93) to work on /opt/airflow/dags/fetch_stock_data.py
[2025-08-22T15:32:00.433+0000] {processor.py:830} INFO - Processing file /opt/airflow/dags/fetch_stock_data.py for tasks to queue
[2025-08-22T15:32:00.434+0000] {logging_mixin.py:188} INFO - [2025-08-22T15:32:00.434+0000] {dagbag.py:540} INFO - Filling up the DagBag from /opt/airflow/dags/fetch_stock_data.py
[2025-08-22T15:32:00.469+0000] {processor.py:840} INFO - DAG(s) 'fetch_stock_data' retrieved from /opt/airflow/dags/fetch_stock_data.py
[2025-08-22T15:32:00.520+0000] {logging_mixin.py:188} INFO - [2025-08-22T15:32:00.519+0000] {dag.py:3096} INFO - Sync 1 DAGs
[2025-08-22T15:32:00.559+0000] {logging_mixin.py:188} INFO - [2025-08-22T15:32:00.559+0000] {dag.py:3954} INFO - Setting next_dagrun for fetch_stock_data to 2025-08-22 00:00:00+00:00, run_after=2025-08-23 00:00:00+00:00
[2025-08-22T15:32:00.587+0000] {processor.py:183} INFO - Processing /opt/airflow/dags/fetch_stock_data.py took 0.169 seconds
[2025-08-22T15:32:30.882+0000] {processor.py:161} INFO - Started process (PID=96) to work on /opt/airflow/dags/fetch_stock_data.py
[2025-08-22T15:32:30.884+0000] {processor.py:830} INFO - Processing file /opt/airflow/dags/fetch_stock_data.py for tasks to queue
[2025-08-22T15:32:30.886+0000] {logging_mixin.py:188} INFO - [2025-08-22T15:32:30.885+0000] {dagbag.py:540} INFO - Filling up the DagBag from /opt/airflow/dags/fetch_stock_data.py
[2025-08-22T15:32:30.943+0000] {processor.py:840} INFO - DAG(s) 'fetch_stock_data' retrieved from /opt/airflow/dags/fetch_stock_data.py
[2025-08-22T15:32:30.991+0000] {logging_mixin.py:188} INFO - [2025-08-22T15:32:30.991+0000] {dag.py:3096} INFO - Sync 1 DAGs
[2025-08-22T15:32:31.035+0000] {logging_mixin.py:188} INFO - [2025-08-22T15:32:31.035+0000] {dag.py:3954} INFO - Setting next_dagrun for fetch_stock_data to 2025-08-22 00:00:00+00:00, run_after=2025-08-23 00:00:00+00:00
[2025-08-22T15:32:31.075+0000] {processor.py:183} INFO - Processing /opt/airflow/dags/fetch_stock_data.py took 0.205 seconds
[2025-08-22T15:33:01.798+0000] {processor.py:161} INFO - Started process (PID=99) to work on /opt/airflow/dags/fetch_stock_data.py
[2025-08-22T15:33:01.799+0000] {processor.py:830} INFO - Processing file /opt/airflow/dags/fetch_stock_data.py for tasks to queue
[2025-08-22T15:33:01.801+0000] {logging_mixin.py:188} INFO - [2025-08-22T15:33:01.800+0000] {dagbag.py:540} INFO - Filling up the DagBag from /opt/airflow/dags/fetch_stock_data.py
[2025-08-22T15:33:01.828+0000] {processor.py:840} INFO - DAG(s) 'fetch_stock_data' retrieved from /opt/airflow/dags/fetch_stock_data.py
[2025-08-22T15:33:01.863+0000] {logging_mixin.py:188} INFO - [2025-08-22T15:33:01.862+0000] {dag.py:3096} INFO - Sync 1 DAGs
[2025-08-22T15:33:01.895+0000] {logging_mixin.py:188} INFO - [2025-08-22T15:33:01.895+0000] {dag.py:3954} INFO - Setting next_dagrun for fetch_stock_data to 2025-08-22 00:00:00+00:00, run_after=2025-08-23 00:00:00+00:00
[2025-08-22T15:33:01.928+0000] {processor.py:183} INFO - Processing /opt/airflow/dags/fetch_stock_data.py took 0.141 seconds
[2025-08-22T15:33:32.734+0000] {processor.py:161} INFO - Started process (PID=102) to work on /opt/airflow/dags/fetch_stock_data.py
[2025-08-22T15:33:32.736+0000] {processor.py:830} INFO - Processing file /opt/airflow/dags/fetch_stock_data.py for tasks to queue
[2025-08-22T15:33:32.737+0000] {logging_mixin.py:188} INFO - [2025-08-22T15:33:32.737+0000] {dagbag.py:540} INFO - Filling up the DagBag from /opt/airflow/dags/fetch_stock_data.py
[2025-08-22T15:33:32.779+0000] {processor.py:840} INFO - DAG(s) 'fetch_stock_data' retrieved from /opt/airflow/dags/fetch_stock_data.py
[2025-08-22T15:33:32.833+0000] {logging_mixin.py:188} INFO - [2025-08-22T15:33:32.833+0000] {dag.py:3096} INFO - Sync 1 DAGs
[2025-08-22T15:33:32.879+0000] {logging_mixin.py:188} INFO - [2025-08-22T15:33:32.879+0000] {dag.py:3954} INFO - Setting next_dagrun for fetch_stock_data to 2025-08-22 00:00:00+00:00, run_after=2025-08-23 00:00:00+00:00
[2025-08-22T15:33:32.907+0000] {processor.py:183} INFO - Processing /opt/airflow/dags/fetch_stock_data.py took 0.190 seconds
[2025-08-22T15:34:03.063+0000] {processor.py:161} INFO - Started process (PID=105) to work on /opt/airflow/dags/fetch_stock_data.py
[2025-08-22T15:34:03.067+0000] {processor.py:830} INFO - Processing file /opt/airflow/dags/fetch_stock_data.py for tasks to queue
[2025-08-22T15:34:03.069+0000] {logging_mixin.py:188} INFO - [2025-08-22T15:34:03.069+0000] {dagbag.py:540} INFO - Filling up the DagBag from /opt/airflow/dags/fetch_stock_data.py
[2025-08-22T15:34:03.116+0000] {processor.py:840} INFO - DAG(s) 'fetch_stock_data' retrieved from /opt/airflow/dags/fetch_stock_data.py
[2025-08-22T15:34:03.171+0000] {logging_mixin.py:188} INFO - [2025-08-22T15:34:03.170+0000] {dag.py:3096} INFO - Sync 1 DAGs
[2025-08-22T15:34:03.224+0000] {logging_mixin.py:188} INFO - [2025-08-22T15:34:03.223+0000] {dag.py:3954} INFO - Setting next_dagrun for fetch_stock_data to 2025-08-22 00:00:00+00:00, run_after=2025-08-23 00:00:00+00:00
[2025-08-22T15:34:03.261+0000] {processor.py:183} INFO - Processing /opt/airflow/dags/fetch_stock_data.py took 0.220 seconds
[2025-08-22T15:34:33.463+0000] {processor.py:161} INFO - Started process (PID=108) to work on /opt/airflow/dags/fetch_stock_data.py
[2025-08-22T15:34:33.468+0000] {processor.py:830} INFO - Processing file /opt/airflow/dags/fetch_stock_data.py for tasks to queue
[2025-08-22T15:34:33.475+0000] {logging_mixin.py:188} INFO - [2025-08-22T15:34:33.474+0000] {dagbag.py:540} INFO - Filling up the DagBag from /opt/airflow/dags/fetch_stock_data.py
[2025-08-22T15:34:33.544+0000] {processor.py:840} INFO - DAG(s) 'fetch_stock_data' retrieved from /opt/airflow/dags/fetch_stock_data.py
[2025-08-22T15:34:33.614+0000] {logging_mixin.py:188} INFO - [2025-08-22T15:34:33.614+0000] {dag.py:3096} INFO - Sync 1 DAGs
[2025-08-22T15:34:33.683+0000] {logging_mixin.py:188} INFO - [2025-08-22T15:34:33.683+0000] {dag.py:3954} INFO - Setting next_dagrun for fetch_stock_data to 2025-08-22 00:00:00+00:00, run_after=2025-08-23 00:00:00+00:00
[2025-08-22T15:34:33.724+0000] {processor.py:183} INFO - Processing /opt/airflow/dags/fetch_stock_data.py took 0.295 seconds
[2025-08-22T15:35:03.936+0000] {processor.py:161} INFO - Started process (PID=111) to work on /opt/airflow/dags/fetch_stock_data.py
[2025-08-22T15:35:03.938+0000] {processor.py:830} INFO - Processing file /opt/airflow/dags/fetch_stock_data.py for tasks to queue
[2025-08-22T15:35:03.940+0000] {logging_mixin.py:188} INFO - [2025-08-22T15:35:03.939+0000] {dagbag.py:540} INFO - Filling up the DagBag from /opt/airflow/dags/fetch_stock_data.py
[2025-08-22T15:35:04.011+0000] {processor.py:840} INFO - DAG(s) 'fetch_stock_data' retrieved from /opt/airflow/dags/fetch_stock_data.py
[2025-08-22T15:35:04.170+0000] {logging_mixin.py:188} INFO - [2025-08-22T15:35:04.169+0000] {dag.py:3096} INFO - Sync 1 DAGs
[2025-08-22T15:35:04.217+0000] {logging_mixin.py:188} INFO - [2025-08-22T15:35:04.217+0000] {dag.py:3954} INFO - Setting next_dagrun for fetch_stock_data to 2025-08-22 00:00:00+00:00, run_after=2025-08-23 00:00:00+00:00
[2025-08-22T15:35:04.257+0000] {processor.py:183} INFO - Processing /opt/airflow/dags/fetch_stock_data.py took 0.338 seconds
[2025-08-22T15:35:34.419+0000] {processor.py:161} INFO - Started process (PID=114) to work on /opt/airflow/dags/fetch_stock_data.py
[2025-08-22T15:35:34.421+0000] {processor.py:830} INFO - Processing file /opt/airflow/dags/fetch_stock_data.py for tasks to queue
[2025-08-22T15:35:34.423+0000] {logging_mixin.py:188} INFO - [2025-08-22T15:35:34.422+0000] {dagbag.py:540} INFO - Filling up the DagBag from /opt/airflow/dags/fetch_stock_data.py
[2025-08-22T15:35:34.515+0000] {processor.py:840} INFO - DAG(s) 'fetch_stock_data' retrieved from /opt/airflow/dags/fetch_stock_data.py
[2025-08-22T15:35:35.026+0000] {logging_mixin.py:188} INFO - [2025-08-22T15:35:35.026+0000] {dag.py:3096} INFO - Sync 1 DAGs
[2025-08-22T15:35:35.095+0000] {logging_mixin.py:188} INFO - [2025-08-22T15:35:35.094+0000] {dag.py:3954} INFO - Setting next_dagrun for fetch_stock_data to 2025-08-22 00:00:00+00:00, run_after=2025-08-23 00:00:00+00:00
[2025-08-22T15:35:35.176+0000] {processor.py:183} INFO - Processing /opt/airflow/dags/fetch_stock_data.py took 0.775 seconds
[2025-08-22T15:36:05.995+0000] {processor.py:161} INFO - Started process (PID=121) to work on /opt/airflow/dags/fetch_stock_data.py
[2025-08-22T15:36:05.998+0000] {processor.py:830} INFO - Processing file /opt/airflow/dags/fetch_stock_data.py for tasks to queue
[2025-08-22T15:36:06.002+0000] {logging_mixin.py:188} INFO - [2025-08-22T15:36:06.000+0000] {dagbag.py:540} INFO - Filling up the DagBag from /opt/airflow/dags/fetch_stock_data.py
[2025-08-22T15:36:06.126+0000] {processor.py:840} INFO - DAG(s) 'fetch_stock_data' retrieved from /opt/airflow/dags/fetch_stock_data.py
[2025-08-22T15:36:06.229+0000] {logging_mixin.py:188} INFO - [2025-08-22T15:36:06.228+0000] {dag.py:3096} INFO - Sync 1 DAGs
[2025-08-22T15:36:06.290+0000] {logging_mixin.py:188} INFO - [2025-08-22T15:36:06.289+0000] {dag.py:3954} INFO - Setting next_dagrun for fetch_stock_data to 2025-08-22 00:00:00+00:00, run_after=2025-08-23 00:00:00+00:00
[2025-08-22T15:36:06.333+0000] {processor.py:183} INFO - Processing /opt/airflow/dags/fetch_stock_data.py took 0.370 seconds
[2025-08-22T15:36:36.521+0000] {processor.py:161} INFO - Started process (PID=124) to work on /opt/airflow/dags/fetch_stock_data.py
[2025-08-22T15:36:36.522+0000] {processor.py:830} INFO - Processing file /opt/airflow/dags/fetch_stock_data.py for tasks to queue
[2025-08-22T15:36:36.524+0000] {logging_mixin.py:188} INFO - [2025-08-22T15:36:36.523+0000] {dagbag.py:540} INFO - Filling up the DagBag from /opt/airflow/dags/fetch_stock_data.py
[2025-08-22T15:36:36.552+0000] {processor.py:840} INFO - DAG(s) 'fetch_stock_data' retrieved from /opt/airflow/dags/fetch_stock_data.py
[2025-08-22T15:36:36.595+0000] {logging_mixin.py:188} INFO - [2025-08-22T15:36:36.594+0000] {dag.py:3096} INFO - Sync 1 DAGs
[2025-08-22T15:36:36.625+0000] {logging_mixin.py:188} INFO - [2025-08-22T15:36:36.625+0000] {dag.py:3954} INFO - Setting next_dagrun for fetch_stock_data to 2025-08-22 00:00:00+00:00, run_after=2025-08-23 00:00:00+00:00
[2025-08-22T15:36:36.653+0000] {processor.py:183} INFO - Processing /opt/airflow/dags/fetch_stock_data.py took 0.143 seconds
[2025-08-22T15:37:07.012+0000] {processor.py:161} INFO - Started process (PID=127) to work on /opt/airflow/dags/fetch_stock_data.py
[2025-08-22T15:37:07.029+0000] {processor.py:830} INFO - Processing file /opt/airflow/dags/fetch_stock_data.py for tasks to queue
[2025-08-22T15:37:07.039+0000] {logging_mixin.py:188} INFO - [2025-08-22T15:37:07.035+0000] {dagbag.py:540} INFO - Filling up the DagBag from /opt/airflow/dags/fetch_stock_data.py
[2025-08-22T15:37:07.098+0000] {processor.py:840} INFO - DAG(s) 'fetch_stock_data' retrieved from /opt/airflow/dags/fetch_stock_data.py
[2025-08-22T15:37:07.225+0000] {logging_mixin.py:188} INFO - [2025-08-22T15:37:07.225+0000] {dag.py:3096} INFO - Sync 1 DAGs
[2025-08-22T15:37:07.266+0000] {logging_mixin.py:188} INFO - [2025-08-22T15:37:07.266+0000] {dag.py:3954} INFO - Setting next_dagrun for fetch_stock_data to 2025-08-22 00:00:00+00:00, run_after=2025-08-23 00:00:00+00:00
[2025-08-22T15:37:07.295+0000] {processor.py:183} INFO - Processing /opt/airflow/dags/fetch_stock_data.py took 0.295 seconds
[2025-08-22T15:37:37.525+0000] {processor.py:161} INFO - Started process (PID=130) to work on /opt/airflow/dags/fetch_stock_data.py
[2025-08-22T15:37:37.526+0000] {processor.py:830} INFO - Processing file /opt/airflow/dags/fetch_stock_data.py for tasks to queue
[2025-08-22T15:37:37.528+0000] {logging_mixin.py:188} INFO - [2025-08-22T15:37:37.528+0000] {dagbag.py:540} INFO - Filling up the DagBag from /opt/airflow/dags/fetch_stock_data.py
[2025-08-22T15:37:37.562+0000] {processor.py:840} INFO - DAG(s) 'fetch_stock_data' retrieved from /opt/airflow/dags/fetch_stock_data.py
[2025-08-22T15:37:37.603+0000] {logging_mixin.py:188} INFO - [2025-08-22T15:37:37.603+0000] {dag.py:3096} INFO - Sync 1 DAGs
[2025-08-22T15:37:37.637+0000] {logging_mixin.py:188} INFO - [2025-08-22T15:37:37.637+0000] {dag.py:3954} INFO - Setting next_dagrun for fetch_stock_data to 2025-08-22 00:00:00+00:00, run_after=2025-08-23 00:00:00+00:00
[2025-08-22T15:37:37.664+0000] {processor.py:183} INFO - Processing /opt/airflow/dags/fetch_stock_data.py took 0.152 seconds
[2025-08-22T15:38:07.929+0000] {processor.py:161} INFO - Started process (PID=133) to work on /opt/airflow/dags/fetch_stock_data.py
[2025-08-22T15:38:07.935+0000] {processor.py:830} INFO - Processing file /opt/airflow/dags/fetch_stock_data.py for tasks to queue
[2025-08-22T15:38:07.937+0000] {logging_mixin.py:188} INFO - [2025-08-22T15:38:07.936+0000] {dagbag.py:540} INFO - Filling up the DagBag from /opt/airflow/dags/fetch_stock_data.py
[2025-08-22T15:38:08.012+0000] {processor.py:840} INFO - DAG(s) 'fetch_stock_data' retrieved from /opt/airflow/dags/fetch_stock_data.py
[2025-08-22T15:38:08.090+0000] {logging_mixin.py:188} INFO - [2025-08-22T15:38:08.089+0000] {dag.py:3096} INFO - Sync 1 DAGs
[2025-08-22T15:38:08.154+0000] {logging_mixin.py:188} INFO - [2025-08-22T15:38:08.153+0000] {dag.py:3954} INFO - Setting next_dagrun for fetch_stock_data to 2025-08-22 00:00:00+00:00, run_after=2025-08-23 00:00:00+00:00
[2025-08-22T15:38:08.237+0000] {processor.py:183} INFO - Processing /opt/airflow/dags/fetch_stock_data.py took 0.337 seconds
[2025-08-22T15:38:38.500+0000] {processor.py:161} INFO - Started process (PID=136) to work on /opt/airflow/dags/fetch_stock_data.py
[2025-08-22T15:38:38.503+0000] {processor.py:830} INFO - Processing file /opt/airflow/dags/fetch_stock_data.py for tasks to queue
[2025-08-22T15:38:38.505+0000] {logging_mixin.py:188} INFO - [2025-08-22T15:38:38.504+0000] {dagbag.py:540} INFO - Filling up the DagBag from /opt/airflow/dags/fetch_stock_data.py
[2025-08-22T15:38:38.550+0000] {processor.py:840} INFO - DAG(s) 'fetch_stock_data' retrieved from /opt/airflow/dags/fetch_stock_data.py
[2025-08-22T15:38:38.593+0000] {logging_mixin.py:188} INFO - [2025-08-22T15:38:38.592+0000] {dag.py:3096} INFO - Sync 1 DAGs
[2025-08-22T15:38:38.633+0000] {logging_mixin.py:188} INFO - [2025-08-22T15:38:38.632+0000] {dag.py:3954} INFO - Setting next_dagrun for fetch_stock_data to 2025-08-22 00:00:00+00:00, run_after=2025-08-23 00:00:00+00:00
[2025-08-22T15:38:38.667+0000] {processor.py:183} INFO - Processing /opt/airflow/dags/fetch_stock_data.py took 0.179 seconds
[2025-08-22T15:39:08.725+0000] {processor.py:161} INFO - Started process (PID=139) to work on /opt/airflow/dags/fetch_stock_data.py
[2025-08-22T15:39:08.727+0000] {processor.py:830} INFO - Processing file /opt/airflow/dags/fetch_stock_data.py for tasks to queue
[2025-08-22T15:39:08.728+0000] {logging_mixin.py:188} INFO - [2025-08-22T15:39:08.728+0000] {dagbag.py:540} INFO - Filling up the DagBag from /opt/airflow/dags/fetch_stock_data.py
[2025-08-22T15:39:08.760+0000] {processor.py:840} INFO - DAG(s) 'fetch_stock_data' retrieved from /opt/airflow/dags/fetch_stock_data.py
[2025-08-22T15:39:08.811+0000] {logging_mixin.py:188} INFO - [2025-08-22T15:39:08.811+0000] {dag.py:3096} INFO - Sync 1 DAGs
[2025-08-22T15:39:08.849+0000] {logging_mixin.py:188} INFO - [2025-08-22T15:39:08.849+0000] {dag.py:3954} INFO - Setting next_dagrun for fetch_stock_data to 2025-08-22 00:00:00+00:00, run_after=2025-08-23 00:00:00+00:00
[2025-08-22T15:39:08.885+0000] {processor.py:183} INFO - Processing /opt/airflow/dags/fetch_stock_data.py took 0.172 seconds
[2025-08-22T15:39:39.041+0000] {processor.py:161} INFO - Started process (PID=142) to work on /opt/airflow/dags/fetch_stock_data.py
[2025-08-22T15:39:39.043+0000] {processor.py:830} INFO - Processing file /opt/airflow/dags/fetch_stock_data.py for tasks to queue
[2025-08-22T15:39:39.045+0000] {logging_mixin.py:188} INFO - [2025-08-22T15:39:39.045+0000] {dagbag.py:540} INFO - Filling up the DagBag from /opt/airflow/dags/fetch_stock_data.py
[2025-08-22T15:39:39.077+0000] {processor.py:840} INFO - DAG(s) 'fetch_stock_data' retrieved from /opt/airflow/dags/fetch_stock_data.py
[2025-08-22T15:39:39.116+0000] {logging_mixin.py:188} INFO - [2025-08-22T15:39:39.116+0000] {dag.py:3096} INFO - Sync 1 DAGs
[2025-08-22T15:39:39.151+0000] {logging_mixin.py:188} INFO - [2025-08-22T15:39:39.151+0000] {dag.py:3954} INFO - Setting next_dagrun for fetch_stock_data to 2025-08-22 00:00:00+00:00, run_after=2025-08-23 00:00:00+00:00
[2025-08-22T15:39:39.176+0000] {processor.py:183} INFO - Processing /opt/airflow/dags/fetch_stock_data.py took 0.147 seconds
[2025-08-22T15:40:09.350+0000] {processor.py:161} INFO - Started process (PID=145) to work on /opt/airflow/dags/fetch_stock_data.py
[2025-08-22T15:40:09.351+0000] {processor.py:830} INFO - Processing file /opt/airflow/dags/fetch_stock_data.py for tasks to queue
[2025-08-22T15:40:09.353+0000] {logging_mixin.py:188} INFO - [2025-08-22T15:40:09.353+0000] {dagbag.py:540} INFO - Filling up the DagBag from /opt/airflow/dags/fetch_stock_data.py
[2025-08-22T15:40:09.387+0000] {processor.py:840} INFO - DAG(s) 'fetch_stock_data' retrieved from /opt/airflow/dags/fetch_stock_data.py
[2025-08-22T15:40:09.426+0000] {logging_mixin.py:188} INFO - [2025-08-22T15:40:09.426+0000] {dag.py:3096} INFO - Sync 1 DAGs
[2025-08-22T15:40:09.461+0000] {logging_mixin.py:188} INFO - [2025-08-22T15:40:09.461+0000] {dag.py:3954} INFO - Setting next_dagrun for fetch_stock_data to 2025-08-22 00:00:00+00:00, run_after=2025-08-23 00:00:00+00:00
[2025-08-22T15:40:09.491+0000] {processor.py:183} INFO - Processing /opt/airflow/dags/fetch_stock_data.py took 0.157 seconds
[2025-08-22T15:40:39.637+0000] {processor.py:161} INFO - Started process (PID=148) to work on /opt/airflow/dags/fetch_stock_data.py
[2025-08-22T15:40:39.638+0000] {processor.py:830} INFO - Processing file /opt/airflow/dags/fetch_stock_data.py for tasks to queue
[2025-08-22T15:40:39.640+0000] {logging_mixin.py:188} INFO - [2025-08-22T15:40:39.640+0000] {dagbag.py:540} INFO - Filling up the DagBag from /opt/airflow/dags/fetch_stock_data.py
[2025-08-22T15:40:39.685+0000] {processor.py:840} INFO - DAG(s) 'fetch_stock_data' retrieved from /opt/airflow/dags/fetch_stock_data.py
[2025-08-22T15:40:39.743+0000] {logging_mixin.py:188} INFO - [2025-08-22T15:40:39.743+0000] {dag.py:3096} INFO - Sync 1 DAGs
[2025-08-22T15:40:39.794+0000] {logging_mixin.py:188} INFO - [2025-08-22T15:40:39.793+0000] {dag.py:3954} INFO - Setting next_dagrun for fetch_stock_data to 2025-08-22 00:00:00+00:00, run_after=2025-08-23 00:00:00+00:00
[2025-08-22T15:40:39.827+0000] {processor.py:183} INFO - Processing /opt/airflow/dags/fetch_stock_data.py took 0.207 seconds
[2025-08-22T15:41:10.091+0000] {processor.py:161} INFO - Started process (PID=151) to work on /opt/airflow/dags/fetch_stock_data.py
[2025-08-22T15:41:10.093+0000] {processor.py:830} INFO - Processing file /opt/airflow/dags/fetch_stock_data.py for tasks to queue
[2025-08-22T15:41:10.095+0000] {logging_mixin.py:188} INFO - [2025-08-22T15:41:10.095+0000] {dagbag.py:540} INFO - Filling up the DagBag from /opt/airflow/dags/fetch_stock_data.py
[2025-08-22T15:41:10.142+0000] {processor.py:840} INFO - DAG(s) 'fetch_stock_data' retrieved from /opt/airflow/dags/fetch_stock_data.py
[2025-08-22T15:41:10.201+0000] {logging_mixin.py:188} INFO - [2025-08-22T15:41:10.200+0000] {dag.py:3096} INFO - Sync 1 DAGs
[2025-08-22T15:41:10.267+0000] {logging_mixin.py:188} INFO - [2025-08-22T15:41:10.266+0000] {dag.py:3954} INFO - Setting next_dagrun for fetch_stock_data to 2025-08-22 00:00:00+00:00, run_after=2025-08-23 00:00:00+00:00
[2025-08-22T15:41:10.372+0000] {processor.py:183} INFO - Processing /opt/airflow/dags/fetch_stock_data.py took 0.294 seconds
[2025-08-22T15:41:40.723+0000] {processor.py:161} INFO - Started process (PID=154) to work on /opt/airflow/dags/fetch_stock_data.py
[2025-08-22T15:41:40.725+0000] {processor.py:830} INFO - Processing file /opt/airflow/dags/fetch_stock_data.py for tasks to queue
[2025-08-22T15:41:40.726+0000] {logging_mixin.py:188} INFO - [2025-08-22T15:41:40.726+0000] {dagbag.py:540} INFO - Filling up the DagBag from /opt/airflow/dags/fetch_stock_data.py
[2025-08-22T15:41:40.763+0000] {processor.py:840} INFO - DAG(s) 'fetch_stock_data' retrieved from /opt/airflow/dags/fetch_stock_data.py
[2025-08-22T15:41:40.801+0000] {logging_mixin.py:188} INFO - [2025-08-22T15:41:40.801+0000] {dag.py:3096} INFO - Sync 1 DAGs
[2025-08-22T15:41:40.834+0000] {logging_mixin.py:188} INFO - [2025-08-22T15:41:40.833+0000] {dag.py:3954} INFO - Setting next_dagrun for fetch_stock_data to 2025-08-22 00:00:00+00:00, run_after=2025-08-23 00:00:00+00:00
[2025-08-22T15:41:40.861+0000] {processor.py:183} INFO - Processing /opt/airflow/dags/fetch_stock_data.py took 0.155 seconds
[2025-08-22T15:42:11.065+0000] {processor.py:161} INFO - Started process (PID=157) to work on /opt/airflow/dags/fetch_stock_data.py
[2025-08-22T15:42:11.067+0000] {processor.py:830} INFO - Processing file /opt/airflow/dags/fetch_stock_data.py for tasks to queue
[2025-08-22T15:42:11.069+0000] {logging_mixin.py:188} INFO - [2025-08-22T15:42:11.069+0000] {dagbag.py:540} INFO - Filling up the DagBag from /opt/airflow/dags/fetch_stock_data.py
[2025-08-22T15:42:11.100+0000] {processor.py:840} INFO - DAG(s) 'fetch_stock_data' retrieved from /opt/airflow/dags/fetch_stock_data.py
[2025-08-22T15:42:11.145+0000] {logging_mixin.py:188} INFO - [2025-08-22T15:42:11.145+0000] {dag.py:3096} INFO - Sync 1 DAGs
[2025-08-22T15:42:11.191+0000] {logging_mixin.py:188} INFO - [2025-08-22T15:42:11.191+0000] {dag.py:3954} INFO - Setting next_dagrun for fetch_stock_data to 2025-08-22 00:00:00+00:00, run_after=2025-08-23 00:00:00+00:00
[2025-08-22T15:42:11.222+0000] {processor.py:183} INFO - Processing /opt/airflow/dags/fetch_stock_data.py took 0.168 seconds
[2025-08-22T15:42:41.849+0000] {processor.py:161} INFO - Started process (PID=160) to work on /opt/airflow/dags/fetch_stock_data.py
[2025-08-22T15:42:41.853+0000] {processor.py:830} INFO - Processing file /opt/airflow/dags/fetch_stock_data.py for tasks to queue
[2025-08-22T15:42:41.857+0000] {logging_mixin.py:188} INFO - [2025-08-22T15:42:41.856+0000] {dagbag.py:540} INFO - Filling up the DagBag from /opt/airflow/dags/fetch_stock_data.py
[2025-08-22T15:42:41.922+0000] {processor.py:840} INFO - DAG(s) 'fetch_stock_data' retrieved from /opt/airflow/dags/fetch_stock_data.py
[2025-08-22T15:42:42.000+0000] {logging_mixin.py:188} INFO - [2025-08-22T15:42:41.999+0000] {dag.py:3096} INFO - Sync 1 DAGs
[2025-08-22T15:42:42.087+0000] {logging_mixin.py:188} INFO - [2025-08-22T15:42:42.086+0000] {dag.py:3954} INFO - Setting next_dagrun for fetch_stock_data to 2025-08-22 00:00:00+00:00, run_after=2025-08-23 00:00:00+00:00
[2025-08-22T15:42:42.148+0000] {processor.py:183} INFO - Processing /opt/airflow/dags/fetch_stock_data.py took 0.321 seconds
[2025-08-22T15:43:12.741+0000] {processor.py:161} INFO - Started process (PID=163) to work on /opt/airflow/dags/fetch_stock_data.py
[2025-08-22T15:43:12.750+0000] {processor.py:830} INFO - Processing file /opt/airflow/dags/fetch_stock_data.py for tasks to queue
[2025-08-22T15:43:12.757+0000] {logging_mixin.py:188} INFO - [2025-08-22T15:43:12.756+0000] {dagbag.py:540} INFO - Filling up the DagBag from /opt/airflow/dags/fetch_stock_data.py
[2025-08-22T15:43:13.012+0000] {processor.py:840} INFO - DAG(s) 'fetch_stock_data' retrieved from /opt/airflow/dags/fetch_stock_data.py
[2025-08-22T15:43:13.829+0000] {logging_mixin.py:188} INFO - [2025-08-22T15:43:13.829+0000] {dag.py:3096} INFO - Sync 1 DAGs
[2025-08-22T15:43:14.423+0000] {logging_mixin.py:188} INFO - [2025-08-22T15:43:14.422+0000] {dag.py:3954} INFO - Setting next_dagrun for fetch_stock_data to 2025-08-22 00:00:00+00:00, run_after=2025-08-23 00:00:00+00:00
[2025-08-22T15:43:15.042+0000] {processor.py:183} INFO - Processing /opt/airflow/dags/fetch_stock_data.py took 2.324 seconds
[2025-08-22T15:43:45.185+0000] {processor.py:161} INFO - Started process (PID=164) to work on /opt/airflow/dags/fetch_stock_data.py
[2025-08-22T15:43:45.187+0000] {processor.py:830} INFO - Processing file /opt/airflow/dags/fetch_stock_data.py for tasks to queue
[2025-08-22T15:43:45.189+0000] {logging_mixin.py:188} INFO - [2025-08-22T15:43:45.188+0000] {dagbag.py:540} INFO - Filling up the DagBag from /opt/airflow/dags/fetch_stock_data.py
[2025-08-22T15:43:45.302+0000] {processor.py:840} INFO - DAG(s) 'fetch_stock_data' retrieved from /opt/airflow/dags/fetch_stock_data.py
[2025-08-22T15:43:45.363+0000] {logging_mixin.py:188} INFO - [2025-08-22T15:43:45.362+0000] {dag.py:3096} INFO - Sync 1 DAGs
[2025-08-22T15:43:45.437+0000] {logging_mixin.py:188} INFO - [2025-08-22T15:43:45.437+0000] {dag.py:3954} INFO - Setting next_dagrun for fetch_stock_data to 2025-08-22 00:00:00+00:00, run_after=2025-08-23 00:00:00+00:00
[2025-08-22T15:43:45.494+0000] {processor.py:183} INFO - Processing /opt/airflow/dags/fetch_stock_data.py took 0.321 seconds
[2025-08-22T15:44:15.668+0000] {processor.py:161} INFO - Started process (PID=167) to work on /opt/airflow/dags/fetch_stock_data.py
[2025-08-22T15:44:15.670+0000] {processor.py:830} INFO - Processing file /opt/airflow/dags/fetch_stock_data.py for tasks to queue
[2025-08-22T15:44:15.672+0000] {logging_mixin.py:188} INFO - [2025-08-22T15:44:15.672+0000] {dagbag.py:540} INFO - Filling up the DagBag from /opt/airflow/dags/fetch_stock_data.py
[2025-08-22T15:44:15.699+0000] {processor.py:840} INFO - DAG(s) 'fetch_stock_data' retrieved from /opt/airflow/dags/fetch_stock_data.py
[2025-08-22T15:44:15.733+0000] {logging_mixin.py:188} INFO - [2025-08-22T15:44:15.733+0000] {dag.py:3096} INFO - Sync 1 DAGs
[2025-08-22T15:44:15.762+0000] {logging_mixin.py:188} INFO - [2025-08-22T15:44:15.762+0000] {dag.py:3954} INFO - Setting next_dagrun for fetch_stock_data to 2025-08-22 00:00:00+00:00, run_after=2025-08-23 00:00:00+00:00
[2025-08-22T15:44:15.789+0000] {processor.py:183} INFO - Processing /opt/airflow/dags/fetch_stock_data.py took 0.131 seconds
[2025-08-22T15:44:46.184+0000] {processor.py:161} INFO - Started process (PID=170) to work on /opt/airflow/dags/fetch_stock_data.py
[2025-08-22T15:44:46.191+0000] {processor.py:830} INFO - Processing file /opt/airflow/dags/fetch_stock_data.py for tasks to queue
[2025-08-22T15:44:46.194+0000] {logging_mixin.py:188} INFO - [2025-08-22T15:44:46.193+0000] {dagbag.py:540} INFO - Filling up the DagBag from /opt/airflow/dags/fetch_stock_data.py
[2025-08-22T15:44:46.292+0000] {processor.py:840} INFO - DAG(s) 'fetch_stock_data' retrieved from /opt/airflow/dags/fetch_stock_data.py
[2025-08-22T15:44:46.365+0000] {logging_mixin.py:188} INFO - [2025-08-22T15:44:46.364+0000] {dag.py:3096} INFO - Sync 1 DAGs
[2025-08-22T15:44:46.531+0000] {logging_mixin.py:188} INFO - [2025-08-22T15:44:46.530+0000] {dag.py:3954} INFO - Setting next_dagrun for fetch_stock_data to 2025-08-22 00:00:00+00:00, run_after=2025-08-23 00:00:00+00:00
[2025-08-22T15:44:46.630+0000] {processor.py:183} INFO - Processing /opt/airflow/dags/fetch_stock_data.py took 0.482 seconds
[2025-08-22T15:45:17.022+0000] {processor.py:161} INFO - Started process (PID=173) to work on /opt/airflow/dags/fetch_stock_data.py
[2025-08-22T15:45:17.025+0000] {processor.py:830} INFO - Processing file /opt/airflow/dags/fetch_stock_data.py for tasks to queue
[2025-08-22T15:45:17.027+0000] {logging_mixin.py:188} INFO - [2025-08-22T15:45:17.027+0000] {dagbag.py:540} INFO - Filling up the DagBag from /opt/airflow/dags/fetch_stock_data.py
[2025-08-22T15:45:17.074+0000] {processor.py:840} INFO - DAG(s) 'fetch_stock_data' retrieved from /opt/airflow/dags/fetch_stock_data.py
[2025-08-22T15:45:17.120+0000] {logging_mixin.py:188} INFO - [2025-08-22T15:45:17.120+0000] {dag.py:3096} INFO - Sync 1 DAGs
[2025-08-22T15:45:17.162+0000] {logging_mixin.py:188} INFO - [2025-08-22T15:45:17.161+0000] {dag.py:3954} INFO - Setting next_dagrun for fetch_stock_data to 2025-08-22 00:00:00+00:00, run_after=2025-08-23 00:00:00+00:00
[2025-08-22T15:45:17.193+0000] {processor.py:183} INFO - Processing /opt/airflow/dags/fetch_stock_data.py took 0.195 seconds
[2025-08-22T15:45:47.435+0000] {processor.py:161} INFO - Started process (PID=176) to work on /opt/airflow/dags/fetch_stock_data.py
[2025-08-22T15:45:47.437+0000] {processor.py:830} INFO - Processing file /opt/airflow/dags/fetch_stock_data.py for tasks to queue
[2025-08-22T15:45:47.438+0000] {logging_mixin.py:188} INFO - [2025-08-22T15:45:47.438+0000] {dagbag.py:540} INFO - Filling up the DagBag from /opt/airflow/dags/fetch_stock_data.py
[2025-08-22T15:45:47.463+0000] {processor.py:840} INFO - DAG(s) 'fetch_stock_data' retrieved from /opt/airflow/dags/fetch_stock_data.py
[2025-08-22T15:45:47.495+0000] {logging_mixin.py:188} INFO - [2025-08-22T15:45:47.494+0000] {dag.py:3096} INFO - Sync 1 DAGs
[2025-08-22T15:45:47.525+0000] {logging_mixin.py:188} INFO - [2025-08-22T15:45:47.524+0000] {dag.py:3954} INFO - Setting next_dagrun for fetch_stock_data to 2025-08-22 00:00:00+00:00, run_after=2025-08-23 00:00:00+00:00
[2025-08-22T15:45:47.551+0000] {processor.py:183} INFO - Processing /opt/airflow/dags/fetch_stock_data.py took 0.126 seconds
[2025-08-22T15:46:17.638+0000] {processor.py:161} INFO - Started process (PID=179) to work on /opt/airflow/dags/fetch_stock_data.py
[2025-08-22T15:46:17.640+0000] {processor.py:830} INFO - Processing file /opt/airflow/dags/fetch_stock_data.py for tasks to queue
[2025-08-22T15:46:17.641+0000] {logging_mixin.py:188} INFO - [2025-08-22T15:46:17.641+0000] {dagbag.py:540} INFO - Filling up the DagBag from /opt/airflow/dags/fetch_stock_data.py
[2025-08-22T15:46:17.846+0000] {processor.py:840} INFO - DAG(s) 'fetch_stock_data' retrieved from /opt/airflow/dags/fetch_stock_data.py
[2025-08-22T15:46:17.896+0000] {logging_mixin.py:188} INFO - [2025-08-22T15:46:17.895+0000] {dag.py:3096} INFO - Sync 1 DAGs
[2025-08-22T15:46:17.942+0000] {logging_mixin.py:188} INFO - [2025-08-22T15:46:17.941+0000] {dag.py:3954} INFO - Setting next_dagrun for fetch_stock_data to 2025-08-22 00:00:00+00:00, run_after=2025-08-23 00:00:00+00:00
[2025-08-22T15:46:17.976+0000] {processor.py:183} INFO - Processing /opt/airflow/dags/fetch_stock_data.py took 0.351 seconds
[2025-08-22T15:46:48.249+0000] {processor.py:161} INFO - Started process (PID=182) to work on /opt/airflow/dags/fetch_stock_data.py
[2025-08-22T15:46:48.252+0000] {processor.py:830} INFO - Processing file /opt/airflow/dags/fetch_stock_data.py for tasks to queue
[2025-08-22T15:46:48.256+0000] {logging_mixin.py:188} INFO - [2025-08-22T15:46:48.255+0000] {dagbag.py:540} INFO - Filling up the DagBag from /opt/airflow/dags/fetch_stock_data.py
[2025-08-22T15:46:48.313+0000] {processor.py:840} INFO - DAG(s) 'fetch_stock_data' retrieved from /opt/airflow/dags/fetch_stock_data.py
[2025-08-22T15:46:48.384+0000] {logging_mixin.py:188} INFO - [2025-08-22T15:46:48.383+0000] {dag.py:3096} INFO - Sync 1 DAGs
[2025-08-22T15:46:48.463+0000] {logging_mixin.py:188} INFO - [2025-08-22T15:46:48.463+0000] {dag.py:3954} INFO - Setting next_dagrun for fetch_stock_data to 2025-08-22 00:00:00+00:00, run_after=2025-08-23 00:00:00+00:00
[2025-08-22T15:46:48.547+0000] {processor.py:183} INFO - Processing /opt/airflow/dags/fetch_stock_data.py took 0.317 seconds
[2025-08-22T15:47:18.796+0000] {processor.py:161} INFO - Started process (PID=185) to work on /opt/airflow/dags/fetch_stock_data.py
[2025-08-22T15:47:18.799+0000] {processor.py:830} INFO - Processing file /opt/airflow/dags/fetch_stock_data.py for tasks to queue
[2025-08-22T15:47:18.801+0000] {logging_mixin.py:188} INFO - [2025-08-22T15:47:18.800+0000] {dagbag.py:540} INFO - Filling up the DagBag from /opt/airflow/dags/fetch_stock_data.py
[2025-08-22T15:47:18.829+0000] {processor.py:840} INFO - DAG(s) 'fetch_stock_data' retrieved from /opt/airflow/dags/fetch_stock_data.py
[2025-08-22T15:47:18.864+0000] {logging_mixin.py:188} INFO - [2025-08-22T15:47:18.864+0000] {dag.py:3096} INFO - Sync 1 DAGs
[2025-08-22T15:47:18.895+0000] {logging_mixin.py:188} INFO - [2025-08-22T15:47:18.895+0000] {dag.py:3954} INFO - Setting next_dagrun for fetch_stock_data to 2025-08-22 00:00:00+00:00, run_after=2025-08-23 00:00:00+00:00
[2025-08-22T15:47:18.926+0000] {processor.py:183} INFO - Processing /opt/airflow/dags/fetch_stock_data.py took 0.140 seconds
[2025-08-22T15:47:49.146+0000] {processor.py:161} INFO - Started process (PID=188) to work on /opt/airflow/dags/fetch_stock_data.py
[2025-08-22T15:47:49.148+0000] {processor.py:830} INFO - Processing file /opt/airflow/dags/fetch_stock_data.py for tasks to queue
[2025-08-22T15:47:49.150+0000] {logging_mixin.py:188} INFO - [2025-08-22T15:47:49.149+0000] {dagbag.py:540} INFO - Filling up the DagBag from /opt/airflow/dags/fetch_stock_data.py
[2025-08-22T15:47:49.178+0000] {processor.py:840} INFO - DAG(s) 'fetch_stock_data' retrieved from /opt/airflow/dags/fetch_stock_data.py
[2025-08-22T15:47:49.215+0000] {logging_mixin.py:188} INFO - [2025-08-22T15:47:49.215+0000] {dag.py:3096} INFO - Sync 1 DAGs
[2025-08-22T15:47:49.244+0000] {logging_mixin.py:188} INFO - [2025-08-22T15:47:49.244+0000] {dag.py:3954} INFO - Setting next_dagrun for fetch_stock_data to 2025-08-22 00:00:00+00:00, run_after=2025-08-23 00:00:00+00:00
[2025-08-22T15:47:49.277+0000] {processor.py:183} INFO - Processing /opt/airflow/dags/fetch_stock_data.py took 0.142 seconds
[2025-08-22T15:48:19.850+0000] {processor.py:161} INFO - Started process (PID=191) to work on /opt/airflow/dags/fetch_stock_data.py
[2025-08-22T15:48:19.853+0000] {processor.py:830} INFO - Processing file /opt/airflow/dags/fetch_stock_data.py for tasks to queue
[2025-08-22T15:48:19.856+0000] {logging_mixin.py:188} INFO - [2025-08-22T15:48:19.855+0000] {dagbag.py:540} INFO - Filling up the DagBag from /opt/airflow/dags/fetch_stock_data.py
[2025-08-22T15:48:19.927+0000] {processor.py:840} INFO - DAG(s) 'fetch_stock_data' retrieved from /opt/airflow/dags/fetch_stock_data.py
[2025-08-22T15:48:20.030+0000] {logging_mixin.py:188} INFO - [2025-08-22T15:48:20.030+0000] {dag.py:3096} INFO - Sync 1 DAGs
[2025-08-22T15:48:20.081+0000] {logging_mixin.py:188} INFO - [2025-08-22T15:48:20.081+0000] {dag.py:3954} INFO - Setting next_dagrun for fetch_stock_data to 2025-08-22 00:00:00+00:00, run_after=2025-08-23 00:00:00+00:00
[2025-08-22T15:48:20.120+0000] {processor.py:183} INFO - Processing /opt/airflow/dags/fetch_stock_data.py took 0.291 seconds
[2025-08-22T15:48:50.926+0000] {processor.py:161} INFO - Started process (PID=194) to work on /opt/airflow/dags/fetch_stock_data.py
[2025-08-22T15:48:50.928+0000] {processor.py:830} INFO - Processing file /opt/airflow/dags/fetch_stock_data.py for tasks to queue
[2025-08-22T15:48:50.930+0000] {logging_mixin.py:188} INFO - [2025-08-22T15:48:50.930+0000] {dagbag.py:540} INFO - Filling up the DagBag from /opt/airflow/dags/fetch_stock_data.py
[2025-08-22T15:48:50.984+0000] {processor.py:840} INFO - DAG(s) 'fetch_stock_data' retrieved from /opt/airflow/dags/fetch_stock_data.py
[2025-08-22T15:48:51.026+0000] {logging_mixin.py:188} INFO - [2025-08-22T15:48:51.026+0000] {dag.py:3096} INFO - Sync 1 DAGs
[2025-08-22T15:48:51.063+0000] {logging_mixin.py:188} INFO - [2025-08-22T15:48:51.063+0000] {dag.py:3954} INFO - Setting next_dagrun for fetch_stock_data to 2025-08-22 00:00:00+00:00, run_after=2025-08-23 00:00:00+00:00
[2025-08-22T15:48:51.095+0000] {processor.py:183} INFO - Processing /opt/airflow/dags/fetch_stock_data.py took 0.186 seconds
[2025-08-22T15:49:21.299+0000] {processor.py:161} INFO - Started process (PID=197) to work on /opt/airflow/dags/fetch_stock_data.py
[2025-08-22T15:49:21.300+0000] {processor.py:830} INFO - Processing file /opt/airflow/dags/fetch_stock_data.py for tasks to queue
[2025-08-22T15:49:21.302+0000] {logging_mixin.py:188} INFO - [2025-08-22T15:49:21.301+0000] {dagbag.py:540} INFO - Filling up the DagBag from /opt/airflow/dags/fetch_stock_data.py
[2025-08-22T15:49:21.337+0000] {processor.py:840} INFO - DAG(s) 'fetch_stock_data' retrieved from /opt/airflow/dags/fetch_stock_data.py
[2025-08-22T15:49:21.387+0000] {logging_mixin.py:188} INFO - [2025-08-22T15:49:21.387+0000] {dag.py:3096} INFO - Sync 1 DAGs
[2025-08-22T15:49:21.426+0000] {logging_mixin.py:188} INFO - [2025-08-22T15:49:21.425+0000] {dag.py:3954} INFO - Setting next_dagrun for fetch_stock_data to 2025-08-22 00:00:00+00:00, run_after=2025-08-23 00:00:00+00:00
[2025-08-22T15:49:21.459+0000] {processor.py:183} INFO - Processing /opt/airflow/dags/fetch_stock_data.py took 0.174 seconds
